[debug] [2022-09-16T05:18:03.265Z] ----------------------------------------------------------------------
[debug] [2022-09-16T05:18:03.268Z] Command:       C:\Program Files\nodejs\node.exe C:\Users\user\AppData\Roaming\npm\node_modules\firebase-tools\lib\bin\firebase.js init
[debug] [2022-09-16T05:18:03.269Z] CLI Version:   11.9.0
[debug] [2022-09-16T05:18:03.269Z] Platform:      win32
[debug] [2022-09-16T05:18:03.270Z] Node Version:  v18.0.0
[debug] [2022-09-16T05:18:03.279Z] Time:          Fri Sep 16 2022 09:18:03 GMT+0400 (Georgia Standard Time)
[debug] [2022-09-16T05:18:03.280Z] ----------------------------------------------------------------------
[debug] 
[debug] [2022-09-16T05:18:03.295Z] > command requires scopes: ["email","openid","https://www.googleapis.com/auth/cloudplatformprojects.readonly","https://www.googleapis.com/auth/firebase","https://www.googleapis.com/auth/cloud-platform"]
[debug] [2022-09-16T05:18:03.296Z] > authorizing via signed-in user (alina.bregvadze@gmail.com)
[info] 
     ######## #### ########  ######## ########     ###     ######  ########
     ##        ##  ##     ## ##       ##     ##  ##   ##  ##       ##
     ######    ##  ########  ######   ########  #########  ######  ######
     ##        ##  ##    ##  ##       ##     ## ##     ##       ## ##
     ##       #### ##     ## ######## ########  ##     ##  ######  ########

You're about to initialize a Firebase project in this directory:

  C:\Users\user\Desktop\test\e-commerce

[info] 
=== Project Setup
[info] 
[info] First, let's associate this project directory with a Firebase project.
[info] You can create multiple project aliases by running firebase use --add, 
[info] but for now we'll just set up a default project.
[info] 
[debug] [2022-09-16T05:19:56.164Z] >>> [apiv2][query] GET https://firebase.googleapis.com/v1beta1/projects pageSize=100
[debug] [2022-09-16T05:19:57.788Z] <<< [apiv2][status] GET https://firebase.googleapis.com/v1beta1/projects 200
[debug] [2022-09-16T05:19:57.789Z] <<< [apiv2][body] GET https://firebase.googleapis.com/v1beta1/projects [omitted]
[info] i  Using project react-e-commerce-76dda (react e-commerce) 
[info] 
=== Hosting Setup
[info] 
[info] Your public directory is the folder (relative to your project directory) that
[info] will contain Hosting assets to be uploaded with firebase deploy. If you
[info] have a build process for your assets, use your build's output directory.
[info] 
